<?xml version="1.0" encoding="UTF-8"?>
<testsuite xmlns:xsi="http://www.w3.org/2001/XMLSchema-instance" xsi:noNamespaceSchemaLocation="https://maven.apache.org/surefire/maven-surefire-plugin/xsd/surefire-test-report.xsd" version="3.0.2" name="com.example.clusterGame.ClusterGameApplicationTests" time="3.439" tests="1" errors="0" skipped="0" failures="0">
  <properties>
    <property name="java.specification.version" value="17"/>
    <property name="sun.cpu.isalist" value="amd64"/>
    <property name="sun.jnu.encoding" value="Cp1252"/>
    <property name="java.class.path" value="D:\Relax Java Assignment\clusterGame\target\test-classes;D:\Relax Java Assignment\clusterGame\target\classes;C:\Users\jatin\.m2\repository\org\springframework\boot\spring-boot-starter-web\3.5.5-SNAPSHOT\spring-boot-starter-web-3.5.5-SNAPSHOT.jar;C:\Users\jatin\.m2\repository\org\springframework\boot\spring-boot-starter\3.5.5-SNAPSHOT\spring-boot-starter-3.5.5-SNAPSHOT.jar;C:\Users\jatin\.m2\repository\org\springframework\boot\spring-boot\3.5.5-SNAPSHOT\spring-boot-3.5.5-SNAPSHOT.jar;C:\Users\jatin\.m2\repository\org\springframework\boot\spring-boot-autoconfigure\3.5.5-SNAPSHOT\spring-boot-autoconfigure-3.5.5-SNAPSHOT.jar;C:\Users\jatin\.m2\repository\org\springframework\boot\spring-boot-starter-logging\3.5.5-SNAPSHOT\spring-boot-starter-logging-3.5.5-SNAPSHOT.jar;C:\Users\jatin\.m2\repository\ch\qos\logback\logback-classic\1.5.18\logback-classic-1.5.18.jar;C:\Users\jatin\.m2\repository\ch\qos\logback\logback-core\1.5.18\logback-core-1.5.18.jar;C:\Users\jatin\.m2\repository\org\apache\logging\log4j\log4j-to-slf4j\2.24.3\log4j-to-slf4j-2.24.3.jar;C:\Users\jatin\.m2\repository\org\apache\logging\log4j\log4j-api\2.24.3\log4j-api-2.24.3.jar;C:\Users\jatin\.m2\repository\org\slf4j\jul-to-slf4j\2.0.17\jul-to-slf4j-2.0.17.jar;C:\Users\jatin\.m2\repository\jakarta\annotation\jakarta.annotation-api\2.1.1\jakarta.annotation-api-2.1.1.jar;C:\Users\jatin\.m2\repository\org\yaml\snakeyaml\2.4\snakeyaml-2.4.jar;C:\Users\jatin\.m2\repository\org\springframework\boot\spring-boot-starter-json\3.5.5-SNAPSHOT\spring-boot-starter-json-3.5.5-SNAPSHOT.jar;C:\Users\jatin\.m2\repository\com\fasterxml\jackson\core\jackson-databind\2.19.2\jackson-databind-2.19.2.jar;C:\Users\jatin\.m2\repository\com\fasterxml\jackson\core\jackson-annotations\2.19.2\jackson-annotations-2.19.2.jar;C:\Users\jatin\.m2\repository\com\fasterxml\jackson\core\jackson-core\2.19.2\jackson-core-2.19.2.jar;C:\Users\jatin\.m2\repository\com\fasterxml\jackson\datatype\jackson-datatype-jdk8\2.19.2\jackson-datatype-jdk8-2.19.2.jar;C:\Users\jatin\.m2\repository\com\fasterxml\jackson\datatype\jackson-datatype-jsr310\2.19.2\jackson-datatype-jsr310-2.19.2.jar;C:\Users\jatin\.m2\repository\com\fasterxml\jackson\module\jackson-module-parameter-names\2.19.2\jackson-module-parameter-names-2.19.2.jar;C:\Users\jatin\.m2\repository\org\springframework\boot\spring-boot-starter-tomcat\3.5.5-SNAPSHOT\spring-boot-starter-tomcat-3.5.5-SNAPSHOT.jar;C:\Users\jatin\.m2\repository\org\apache\tomcat\embed\tomcat-embed-core\10.1.43\tomcat-embed-core-10.1.43.jar;C:\Users\jatin\.m2\repository\org\apache\tomcat\embed\tomcat-embed-el\10.1.43\tomcat-embed-el-10.1.43.jar;C:\Users\jatin\.m2\repository\org\apache\tomcat\embed\tomcat-embed-websocket\10.1.43\tomcat-embed-websocket-10.1.43.jar;C:\Users\jatin\.m2\repository\org\springframework\spring-web\6.2.10-SNAPSHOT\spring-web-6.2.10-SNAPSHOT.jar;C:\Users\jatin\.m2\repository\org\springframework\spring-beans\6.2.10-SNAPSHOT\spring-beans-6.2.10-SNAPSHOT.jar;C:\Users\jatin\.m2\repository\io\micrometer\micrometer-observation\1.15.3-SNAPSHOT\micrometer-observation-1.15.3-SNAPSHOT.jar;C:\Users\jatin\.m2\repository\io\micrometer\micrometer-commons\1.15.3-SNAPSHOT\micrometer-commons-1.15.3-SNAPSHOT.jar;C:\Users\jatin\.m2\repository\org\springframework\spring-webmvc\6.2.10-SNAPSHOT\spring-webmvc-6.2.10-SNAPSHOT.jar;C:\Users\jatin\.m2\repository\org\springframework\spring-aop\6.2.10-SNAPSHOT\spring-aop-6.2.10-SNAPSHOT.jar;C:\Users\jatin\.m2\repository\org\springframework\spring-context\6.2.10-SNAPSHOT\spring-context-6.2.10-SNAPSHOT.jar;C:\Users\jatin\.m2\repository\org\springframework\spring-expression\6.2.10-SNAPSHOT\spring-expression-6.2.10-SNAPSHOT.jar;C:\Users\jatin\.m2\repository\org\projectlombok\lombok\1.18.38\lombok-1.18.38.jar;C:\Users\jatin\.m2\repository\org\springframework\boot\spring-boot-starter-test\3.5.5-SNAPSHOT\spring-boot-starter-test-3.5.5-SNAPSHOT.jar;C:\Users\jatin\.m2\repository\org\springframework\boot\spring-boot-test\3.5.5-SNAPSHOT\spring-boot-test-3.5.5-SNAPSHOT.jar;C:\Users\jatin\.m2\repository\org\springframework\boot\spring-boot-test-autoconfigure\3.5.5-SNAPSHOT\spring-boot-test-autoconfigure-3.5.5-SNAPSHOT.jar;C:\Users\jatin\.m2\repository\com\jayway\jsonpath\json-path\2.9.0\json-path-2.9.0.jar;C:\Users\jatin\.m2\repository\org\slf4j\slf4j-api\2.0.17\slf4j-api-2.0.17.jar;C:\Users\jatin\.m2\repository\jakarta\xml\bind\jakarta.xml.bind-api\4.0.2\jakarta.xml.bind-api-4.0.2.jar;C:\Users\jatin\.m2\repository\jakarta\activation\jakarta.activation-api\2.1.3\jakarta.activation-api-2.1.3.jar;C:\Users\jatin\.m2\repository\net\minidev\json-smart\2.5.2\json-smart-2.5.2.jar;C:\Users\jatin\.m2\repository\net\minidev\accessors-smart\2.5.2\accessors-smart-2.5.2.jar;C:\Users\jatin\.m2\repository\org\ow2\asm\asm\9.7.1\asm-9.7.1.jar;C:\Users\jatin\.m2\repository\org\assertj\assertj-core\3.27.3\assertj-core-3.27.3.jar;C:\Users\jatin\.m2\repository\net\bytebuddy\byte-buddy\1.17.6\byte-buddy-1.17.6.jar;C:\Users\jatin\.m2\repository\org\awaitility\awaitility\4.2.2\awaitility-4.2.2.jar;C:\Users\jatin\.m2\repository\org\hamcrest\hamcrest\3.0\hamcrest-3.0.jar;C:\Users\jatin\.m2\repository\org\junit\jupiter\junit-jupiter\5.12.2\junit-jupiter-5.12.2.jar;C:\Users\jatin\.m2\repository\org\junit\jupiter\junit-jupiter-api\5.12.2\junit-jupiter-api-5.12.2.jar;C:\Users\jatin\.m2\repository\org\opentest4j\opentest4j\1.3.0\opentest4j-1.3.0.jar;C:\Users\jatin\.m2\repository\org\junit\platform\junit-platform-commons\1.12.2\junit-platform-commons-1.12.2.jar;C:\Users\jatin\.m2\repository\org\apiguardian\apiguardian-api\1.1.2\apiguardian-api-1.1.2.jar;C:\Users\jatin\.m2\repository\org\junit\jupiter\junit-jupiter-params\5.12.2\junit-jupiter-params-5.12.2.jar;C:\Users\jatin\.m2\repository\org\junit\jupiter\junit-jupiter-engine\5.12.2\junit-jupiter-engine-5.12.2.jar;C:\Users\jatin\.m2\repository\org\junit\platform\junit-platform-engine\1.12.2\junit-platform-engine-1.12.2.jar;C:\Users\jatin\.m2\repository\org\mockito\mockito-core\5.17.0\mockito-core-5.17.0.jar;C:\Users\jatin\.m2\repository\net\bytebuddy\byte-buddy-agent\1.17.6\byte-buddy-agent-1.17.6.jar;C:\Users\jatin\.m2\repository\org\objenesis\objenesis\3.3\objenesis-3.3.jar;C:\Users\jatin\.m2\repository\org\mockito\mockito-junit-jupiter\5.17.0\mockito-junit-jupiter-5.17.0.jar;C:\Users\jatin\.m2\repository\org\skyscreamer\jsonassert\1.5.3\jsonassert-1.5.3.jar;C:\Users\jatin\.m2\repository\com\vaadin\external\google\android-json\0.0.20131108.vaadin1\android-json-0.0.20131108.vaadin1.jar;C:\Users\jatin\.m2\repository\org\springframework\spring-core\6.2.10-SNAPSHOT\spring-core-6.2.10-SNAPSHOT.jar;C:\Users\jatin\.m2\repository\org\springframework\spring-jcl\6.2.10-SNAPSHOT\spring-jcl-6.2.10-SNAPSHOT.jar;C:\Users\jatin\.m2\repository\org\springframework\spring-test\6.2.10-SNAPSHOT\spring-test-6.2.10-SNAPSHOT.jar;C:\Users\jatin\.m2\repository\org\xmlunit\xmlunit-core\2.10.3\xmlunit-core-2.10.3.jar;"/>
    <property name="java.vm.vendor" value="Amazon.com Inc."/>
    <property name="sun.arch.data.model" value="64"/>
    <property name="user.variant" value=""/>
    <property name="java.vendor.url" value="https://aws.amazon.com/corretto/"/>
    <property name="user.timezone" value="Asia/Calcutta"/>
    <property name="os.name" value="Windows 11"/>
    <property name="java.vm.specification.version" value="17"/>
    <property name="APPLICATION_NAME" value="clusterGame"/>
    <property name="sun.java.launcher" value="SUN_STANDARD"/>
    <property name="user.country" value="IN"/>
    <property name="sun.boot.library.path" value="C:\Users\jatin\.jdks\corretto-17.0.13\bin"/>
    <property name="sun.java.command" value="C:\Users\jatin\AppData\Local\Temp\surefire17076654360745068651\surefirebooter-20250810130329628_3.jar C:\Users\jatin\AppData\Local\Temp\surefire17076654360745068651 2025-08-10T13-03-29_311-jvmRun1 surefire-20250810130329628_1tmp surefire_0-20250810130329628_2tmp"/>
    <property name="jdk.debug" value="release"/>
    <property name="surefire.test.class.path" value="D:\Relax Java Assignment\clusterGame\target\test-classes;D:\Relax Java Assignment\clusterGame\target\classes;C:\Users\jatin\.m2\repository\org\springframework\boot\spring-boot-starter-web\3.5.5-SNAPSHOT\spring-boot-starter-web-3.5.5-SNAPSHOT.jar;C:\Users\jatin\.m2\repository\org\springframework\boot\spring-boot-starter\3.5.5-SNAPSHOT\spring-boot-starter-3.5.5-SNAPSHOT.jar;C:\Users\jatin\.m2\repository\org\springframework\boot\spring-boot\3.5.5-SNAPSHOT\spring-boot-3.5.5-SNAPSHOT.jar;C:\Users\jatin\.m2\repository\org\springframework\boot\spring-boot-autoconfigure\3.5.5-SNAPSHOT\spring-boot-autoconfigure-3.5.5-SNAPSHOT.jar;C:\Users\jatin\.m2\repository\org\springframework\boot\spring-boot-starter-logging\3.5.5-SNAPSHOT\spring-boot-starter-logging-3.5.5-SNAPSHOT.jar;C:\Users\jatin\.m2\repository\ch\qos\logback\logback-classic\1.5.18\logback-classic-1.5.18.jar;C:\Users\jatin\.m2\repository\ch\qos\logback\logback-core\1.5.18\logback-core-1.5.18.jar;C:\Users\jatin\.m2\repository\org\apache\logging\log4j\log4j-to-slf4j\2.24.3\log4j-to-slf4j-2.24.3.jar;C:\Users\jatin\.m2\repository\org\apache\logging\log4j\log4j-api\2.24.3\log4j-api-2.24.3.jar;C:\Users\jatin\.m2\repository\org\slf4j\jul-to-slf4j\2.0.17\jul-to-slf4j-2.0.17.jar;C:\Users\jatin\.m2\repository\jakarta\annotation\jakarta.annotation-api\2.1.1\jakarta.annotation-api-2.1.1.jar;C:\Users\jatin\.m2\repository\org\yaml\snakeyaml\2.4\snakeyaml-2.4.jar;C:\Users\jatin\.m2\repository\org\springframework\boot\spring-boot-starter-json\3.5.5-SNAPSHOT\spring-boot-starter-json-3.5.5-SNAPSHOT.jar;C:\Users\jatin\.m2\repository\com\fasterxml\jackson\core\jackson-databind\2.19.2\jackson-databind-2.19.2.jar;C:\Users\jatin\.m2\repository\com\fasterxml\jackson\core\jackson-annotations\2.19.2\jackson-annotations-2.19.2.jar;C:\Users\jatin\.m2\repository\com\fasterxml\jackson\core\jackson-core\2.19.2\jackson-core-2.19.2.jar;C:\Users\jatin\.m2\repository\com\fasterxml\jackson\datatype\jackson-datatype-jdk8\2.19.2\jackson-datatype-jdk8-2.19.2.jar;C:\Users\jatin\.m2\repository\com\fasterxml\jackson\datatype\jackson-datatype-jsr310\2.19.2\jackson-datatype-jsr310-2.19.2.jar;C:\Users\jatin\.m2\repository\com\fasterxml\jackson\module\jackson-module-parameter-names\2.19.2\jackson-module-parameter-names-2.19.2.jar;C:\Users\jatin\.m2\repository\org\springframework\boot\spring-boot-starter-tomcat\3.5.5-SNAPSHOT\spring-boot-starter-tomcat-3.5.5-SNAPSHOT.jar;C:\Users\jatin\.m2\repository\org\apache\tomcat\embed\tomcat-embed-core\10.1.43\tomcat-embed-core-10.1.43.jar;C:\Users\jatin\.m2\repository\org\apache\tomcat\embed\tomcat-embed-el\10.1.43\tomcat-embed-el-10.1.43.jar;C:\Users\jatin\.m2\repository\org\apache\tomcat\embed\tomcat-embed-websocket\10.1.43\tomcat-embed-websocket-10.1.43.jar;C:\Users\jatin\.m2\repository\org\springframework\spring-web\6.2.10-SNAPSHOT\spring-web-6.2.10-SNAPSHOT.jar;C:\Users\jatin\.m2\repository\org\springframework\spring-beans\6.2.10-SNAPSHOT\spring-beans-6.2.10-SNAPSHOT.jar;C:\Users\jatin\.m2\repository\io\micrometer\micrometer-observation\1.15.3-SNAPSHOT\micrometer-observation-1.15.3-SNAPSHOT.jar;C:\Users\jatin\.m2\repository\io\micrometer\micrometer-commons\1.15.3-SNAPSHOT\micrometer-commons-1.15.3-SNAPSHOT.jar;C:\Users\jatin\.m2\repository\org\springframework\spring-webmvc\6.2.10-SNAPSHOT\spring-webmvc-6.2.10-SNAPSHOT.jar;C:\Users\jatin\.m2\repository\org\springframework\spring-aop\6.2.10-SNAPSHOT\spring-aop-6.2.10-SNAPSHOT.jar;C:\Users\jatin\.m2\repository\org\springframework\spring-context\6.2.10-SNAPSHOT\spring-context-6.2.10-SNAPSHOT.jar;C:\Users\jatin\.m2\repository\org\springframework\spring-expression\6.2.10-SNAPSHOT\spring-expression-6.2.10-SNAPSHOT.jar;C:\Users\jatin\.m2\repository\org\projectlombok\lombok\1.18.38\lombok-1.18.38.jar;C:\Users\jatin\.m2\repository\org\springframework\boot\spring-boot-starter-test\3.5.5-SNAPSHOT\spring-boot-starter-test-3.5.5-SNAPSHOT.jar;C:\Users\jatin\.m2\repository\org\springframework\boot\spring-boot-test\3.5.5-SNAPSHOT\spring-boot-test-3.5.5-SNAPSHOT.jar;C:\Users\jatin\.m2\repository\org\springframework\boot\spring-boot-test-autoconfigure\3.5.5-SNAPSHOT\spring-boot-test-autoconfigure-3.5.5-SNAPSHOT.jar;C:\Users\jatin\.m2\repository\com\jayway\jsonpath\json-path\2.9.0\json-path-2.9.0.jar;C:\Users\jatin\.m2\repository\org\slf4j\slf4j-api\2.0.17\slf4j-api-2.0.17.jar;C:\Users\jatin\.m2\repository\jakarta\xml\bind\jakarta.xml.bind-api\4.0.2\jakarta.xml.bind-api-4.0.2.jar;C:\Users\jatin\.m2\repository\jakarta\activation\jakarta.activation-api\2.1.3\jakarta.activation-api-2.1.3.jar;C:\Users\jatin\.m2\repository\net\minidev\json-smart\2.5.2\json-smart-2.5.2.jar;C:\Users\jatin\.m2\repository\net\minidev\accessors-smart\2.5.2\accessors-smart-2.5.2.jar;C:\Users\jatin\.m2\repository\org\ow2\asm\asm\9.7.1\asm-9.7.1.jar;C:\Users\jatin\.m2\repository\org\assertj\assertj-core\3.27.3\assertj-core-3.27.3.jar;C:\Users\jatin\.m2\repository\net\bytebuddy\byte-buddy\1.17.6\byte-buddy-1.17.6.jar;C:\Users\jatin\.m2\repository\org\awaitility\awaitility\4.2.2\awaitility-4.2.2.jar;C:\Users\jatin\.m2\repository\org\hamcrest\hamcrest\3.0\hamcrest-3.0.jar;C:\Users\jatin\.m2\repository\org\junit\jupiter\junit-jupiter\5.12.2\junit-jupiter-5.12.2.jar;C:\Users\jatin\.m2\repository\org\junit\jupiter\junit-jupiter-api\5.12.2\junit-jupiter-api-5.12.2.jar;C:\Users\jatin\.m2\repository\org\opentest4j\opentest4j\1.3.0\opentest4j-1.3.0.jar;C:\Users\jatin\.m2\repository\org\junit\platform\junit-platform-commons\1.12.2\junit-platform-commons-1.12.2.jar;C:\Users\jatin\.m2\repository\org\apiguardian\apiguardian-api\1.1.2\apiguardian-api-1.1.2.jar;C:\Users\jatin\.m2\repository\org\junit\jupiter\junit-jupiter-params\5.12.2\junit-jupiter-params-5.12.2.jar;C:\Users\jatin\.m2\repository\org\junit\jupiter\junit-jupiter-engine\5.12.2\junit-jupiter-engine-5.12.2.jar;C:\Users\jatin\.m2\repository\org\junit\platform\junit-platform-engine\1.12.2\junit-platform-engine-1.12.2.jar;C:\Users\jatin\.m2\repository\org\mockito\mockito-core\5.17.0\mockito-core-5.17.0.jar;C:\Users\jatin\.m2\repository\net\bytebuddy\byte-buddy-agent\1.17.6\byte-buddy-agent-1.17.6.jar;C:\Users\jatin\.m2\repository\org\objenesis\objenesis\3.3\objenesis-3.3.jar;C:\Users\jatin\.m2\repository\org\mockito\mockito-junit-jupiter\5.17.0\mockito-junit-jupiter-5.17.0.jar;C:\Users\jatin\.m2\repository\org\skyscreamer\jsonassert\1.5.3\jsonassert-1.5.3.jar;C:\Users\jatin\.m2\repository\com\vaadin\external\google\android-json\0.0.20131108.vaadin1\android-json-0.0.20131108.vaadin1.jar;C:\Users\jatin\.m2\repository\org\springframework\spring-core\6.2.10-SNAPSHOT\spring-core-6.2.10-SNAPSHOT.jar;C:\Users\jatin\.m2\repository\org\springframework\spring-jcl\6.2.10-SNAPSHOT\spring-jcl-6.2.10-SNAPSHOT.jar;C:\Users\jatin\.m2\repository\org\springframework\spring-test\6.2.10-SNAPSHOT\spring-test-6.2.10-SNAPSHOT.jar;C:\Users\jatin\.m2\repository\org\xmlunit\xmlunit-core\2.10.3\xmlunit-core-2.10.3.jar;"/>
    <property name="sun.cpu.endian" value="little"/>
    <property name="user.home" value="C:\Users\jatin"/>
    <property name="user.language" value="en"/>
    <property name="java.specification.vendor" value="Oracle Corporation"/>
    <property name="java.version.date" value="2024-10-15"/>
    <property name="java.home" value="C:\Users\jatin\.jdks\corretto-17.0.13"/>
    <property name="file.separator" value="\"/>
    <property name="basedir" value="D:\Relax Java Assignment\clusterGame"/>
    <property name="java.vm.compressedOopsMode" value="Zero based"/>
    <property name="line.separator" value="&#10;"/>
    <property name="java.vm.specification.vendor" value="Oracle Corporation"/>
    <property name="java.specification.name" value="Java Platform API Specification"/>
    <property name="FILE_LOG_CHARSET" value="windows-1252"/>
    <property name="java.awt.headless" value="true"/>
    <property name="surefire.real.class.path" value="C:\Users\jatin\AppData\Local\Temp\surefire17076654360745068651\surefirebooter-20250810130329628_3.jar"/>
    <property name="user.script" value=""/>
    <property name="sun.management.compiler" value="HotSpot 64-Bit Tiered Compilers"/>
    <property name="java.runtime.version" value="17.0.13+11-LTS"/>
    <property name="user.name" value="jatin"/>
    <property name="path.separator" value=";"/>
    <property name="os.version" value="10.0"/>
    <property name="java.runtime.name" value="OpenJDK Runtime Environment"/>
    <property name="file.encoding" value="Cp1252"/>
    <property name="java.vm.name" value="OpenJDK 64-Bit Server VM"/>
    <property name="java.vendor.version" value="Corretto-17.0.13.11.1"/>
    <property name="localRepository" value="C:\Users\jatin\.m2\repository"/>
    <property name="java.vendor.url.bug" value="https://github.com/corretto/corretto-17/issues/"/>
    <property name="java.io.tmpdir" value="C:\Users\jatin\AppData\Local\Temp\"/>
    <property name="idea.version" value="2024.2"/>
    <property name="java.version" value="17.0.13"/>
    <property name="user.dir" value="D:\Relax Java Assignment\clusterGame"/>
    <property name="os.arch" value="amd64"/>
    <property name="java.vm.specification.name" value="Java Virtual Machine Specification"/>
    <property name="PID" value="4300"/>
    <property name="sun.os.patch.level" value=""/>
    <property name="CONSOLE_LOG_CHARSET" value="windows-1252"/>
    <property name="native.encoding" value="Cp1252"/>
    <property name="java.library.path" value="C:\Users\jatin\.jdks\corretto-17.0.13\bin;C:\Windows\Sun\Java\bin;C:\Windows\system32;C:\Windows;C:\Program Files\Common Files\Oracle\Java\javapath;C:\Program Files\Zulu\zulu-8\bin\;C:\Windows\system32;C:\Windows;C:\Windows\System32\Wbem;C:\Windows\System32\WindowsPowerShell\v1.0\;C:\Windows\System32\OpenSSH\;C:\Program Files\dotnet\;C:\Users\jatin\AppData\Local\Microsoft\WindowsApps;C:\Users\jatin\AppData\Local\JetBrains\IntelliJ IDEA Community Edition 2024.2\bin;;C:\Users\jatin\AppData\Local\Programs\Microsoft VS Code\bin;C:\Users\jatin\.dotnet\tools;C:\Users\jatin\AppData\Local\GitHubDesktop\bin;."/>
    <property name="java.vm.info" value="mixed mode, sharing"/>
    <property name="java.vendor" value="Amazon.com Inc."/>
    <property name="java.vm.version" value="17.0.13+11-LTS"/>
    <property name="java.specification.maintenance.version" value="1"/>
    <property name="sun.io.unicode.encoding" value="UnicodeLittle"/>
    <property name="java.class.version" value="61.0"/>
    <property name="LOGGED_APPLICATION_NAME" value="[clusterGame] "/>
  </properties>
  <testcase name="contextLoads" classname="com.example.clusterGame.ClusterGameApplicationTests" time="0.824">
    <system-out><![CDATA[13:03:30.668 [main] INFO org.springframework.test.context.support.AnnotationConfigContextLoaderUtils -- Could not detect default configuration classes for test class [com.example.clusterGame.ClusterGameApplicationTests]: ClusterGameApplicationTests does not declare any static, non-private, non-final, nested classes annotated with @Configuration.
13:03:30.819 [main] INFO org.springframework.boot.test.context.SpringBootTestContextBootstrapper -- Found @SpringBootConfiguration com.example.clusterGame.ClusterGameApplication for test class com.example.clusterGame.ClusterGameApplicationTests

  .   ____          _            __ _ _
 /\\ / ___'_ __ _ _(_)_ __  __ _ \ \ \ \
( ( )\___ | '_ | '_| | '_ \/ _` | \ \ \ \
 \\/  ___)| |_)| | | | | || (_| |  ) ) ) )
  '  |____| .__|_| |_|_| |_\__, | / / / /
 =========|_|==============|___/=/_/_/_/

 :: Spring Boot ::       (v3.5.5-SNAPSHOT)

2025-08-10T13:03:31.362+05:30  INFO 4300 --- [clusterGame] [           main] c.e.c.ClusterGameApplicationTests        : Starting ClusterGameApplicationTests using Java 17.0.13 with PID 4300 (started by jatin in D:\Relax Java Assignment\clusterGame)
2025-08-10T13:03:31.362+05:30  INFO 4300 --- [clusterGame] [           main] c.e.c.ClusterGameApplicationTests        : No active profile set, falling back to 1 default profile: "default"
2025-08-10T13:03:33.108+05:30  INFO 4300 --- [clusterGame] [           main] c.e.c.ClusterGameApplicationTests        : Started ClusterGameApplicationTests in 2.091 seconds (process running for 3.281)
]]></system-out>
  </testcase>
</testsuite>